<?xml version="1.0" encoding="UTF-8"?>
<testsuite name="com.demoqa.JUnitDemoTest" tests="1" skipped="0" failures="0" errors="0" timestamp="2022-09-19T07:26:28" hostname="a-p-cherepanov" time="0.016">
  <properties/>
  <testcase name="simpleTest1()" classname="com.demoqa.JUnitDemoTest" time="0.016"/>
  <system-out><![CDATA[### @BeforeAll !
 ###   @BeforeEach 
###         @simpleTestFirst() !
### @AfterEach !
### @AfterAll !
]]></system-out>
  <system-err><![CDATA[]]></system-err>
</testsuite>
